<?xml version="1.0" encoding="UTF-8"?>
<!-- Generated by org.testng.reporters.JUnitReportReporter -->
<testsuite hostname="DESKTOP-HPAH8SE" failures="0" tests="1" name="maven.Test1" time="0.032" errors="0" timestamp="2023-05-15T10:48:09 IST" skipped="0">
  <testcase classname="maven.Test1" name="m1" time="0.032"/>
  <system-out/>
</testsuite> <!-- maven.Test1 -->
